<?xml version="1.0" encoding="UTF-8"?>
<!-- Generated by org.testng.reporters.JUnitReportReporter -->
<testsuite skipped="0" hostname="ojt34-PC" name="DriverFactory.AppTest" tests="1" failures="0" timestamp="24 Jul 2019 06:49:49 GMT" time="25.798" errors="0">
  <testcase name="kickStart" time="25.798" classname="DriverFactory.AppTest"/>
</testsuite> <!-- DriverFactory.AppTest -->
